# JRE version: OpenJDK Runtime Environment Temurin-17.0.7+7 (17.0.7+7) (build 17.0.7+7)
# Java VM: OpenJDK 64-Bit Server VM Temurin-17.0.7+7 (17.0.7+7, mixed mode, tiered, compressed oops, compressed class ptrs, parallel gc, linux-amd64)
GC Precious Log:
 CPUs: 2 total, 2 available
 Memory: 3753M
 Large Page Support: Disabled
 NUMA Support: Disabled
 Compressed Oops: Enabled (32-bit)
 Alignments: Space 512K, Generation 512K, Heap 2M
 Heap Min Capacity: 100M
 Heap Initial Capacity: 100M
 Heap Max Capacity: 1G
 Pre-touch: Disabled
 Parallel Workers: 2
Heap:
 PSYoungGen      total 3072K, used 487K [0x00000000eab00000, 0x00000000eba80000, 0x0000000100000000)
  eden space 2560K, 0% used [0x00000000eab00000,0x00000000eab00000,0x00000000ead80000)
  from space 512K, 95% used [0x00000000eb300000,0x00000000eb379f48,0x00000000eb380000)
  to   space 5632K, 0% used [0x00000000ead80000,0x00000000ead80000,0x00000000eb300000)
 ParOldGen       total 134144K, used 134009K [0x00000000c0000000, 0x00000000c8300000, 0x00000000eab00000)
  object space 134144K, 99% used [0x00000000c0000000,0x00000000c82de6b8,0x00000000c8300000)
 Metaspace       used 96582K, committed 97792K, reserved 1179648K
  class space    used 10015K, committed 10560K, reserved 1048576K
GC Heap History (20 events):
Event: 4697.976 GC heap after
{Heap after GC invocations=1394 (full 20):
 PSYoungGen      total 6144K, used 208K [0x00000000eab00000, 0x00000000eb380000, 0x0000000100000000)
  eden space 4608K, 0% used [0x00000000eab00000,0x00000000eab00000,0x00000000eaf80000)
  from space 1536K, 13% used [0x00000000eb100000,0x00000000eb134010,0x00000000eb280000)
  to   space 512K, 0% used [0x00000000eb300000,0x00000000eb300000,0x00000000eb380000)
 ParOldGen       total 132608K, used 128024K [0x00000000c0000000, 0x00000000c8180000, 0x00000000eab00000)
  object space 132608K, 96% used [0x00000000c0000000,0x00000000c7d060b0,0x00000000c8180000)
 Metaspace       used 96150K, committed 97472K, reserved 1179648K
  class space    used 9970K, committed 10560K, reserved 1048576K
}
Event: 4698.015 GC heap before
{Heap before GC invocations=1395 (full 20):
 PSYoungGen      total 6144K, used 4816K [0x00000000eab00000, 0x00000000eb380000, 0x0000000100000000)
  eden space 4608K, 100% used [0x00000000eab00000,0x00000000eaf80000,0x00000000eaf80000)
  from space 1536K, 13% used [0x00000000eb100000,0x00000000eb134010,0x00000000eb280000)
  to   space 512K, 0% used [0x00000000eb300000,0x00000000eb300000,0x00000000eb380000)
 ParOldGen       total 132608K, used 128024K [0x00000000c0000000, 0x00000000c8180000, 0x00000000eab00000)
  object space 132608K, 96% used [0x00000000c0000000,0x00000000c7d060b0,0x00000000c8180000)
 Metaspace       used 96157K, committed 97472K, reserved 1179648K
  class space    used 9970K, committed 10560K, reserved 1048576K
}
Event: 4698.018 GC heap after
{Heap after GC invocations=1395 (full 20):
 PSYoungGen      total 5120K, used 160K [0x00000000eab00000, 0x00000000eb380000, 0x0000000100000000)
  eden space 4608K, 0% used [0x00000000eab00000,0x00000000eab00000,0x00000000eaf80000)
  from space 512K, 31% used [0x00000000eb300000,0x00000000eb328000,0x00000000eb380000)
  to   space 512K, 0% used [0x00000000eb280000,0x00000000eb280000,0x00000000eb300000)
 ParOldGen       total 132608K, used 128144K [0x00000000c0000000, 0x00000000c8180000, 0x00000000eab00000)
  object space 132608K, 96% used [0x00000000c0000000,0x00000000c7d240b0,0x00000000c8180000)
 Metaspace       used 96157K, committed 97472K, reserved 1179648K
  class space    used 9970K, committed 10560K, reserved 1048576K
}
Event: 4698.068 GC heap before
{Heap before GC invocations=1396 (full 20):
 PSYoungGen      total 5120K, used 4768K [0x00000000eab00000, 0x00000000eb380000, 0x0000000100000000)
  eden space 4608K, 100% used [0x00000000eab00000,0x00000000eaf80000,0x00000000eaf80000)
  from space 512K, 31% used [0x00000000eb300000,0x00000000eb328000,0x00000000eb380000)
  to   space 512K, 0% used [0x00000000eb280000,0x00000000eb280000,0x00000000eb300000)
 ParOldGen       total 132608K, used 128144K [0x00000000c0000000, 0x00000000c8180000, 0x00000000eab00000)
  object space 132608K, 96% used [0x00000000c0000000,0x00000000c7d240b0,0x00000000c8180000)
 Metaspace       used 96190K, committed 97472K, reserved 1179648K
  class space    used 9970K, committed 10560K, reserved 1048576K
}
Event: 4698.070 GC heap after
{Heap after GC invocations=1396 (full 20):
 PSYoungGen      total 5120K, used 224K [0x00000000eab00000, 0x00000000eb380000, 0x0000000100000000)
  eden space 4608K, 0% used [0x00000000eab00000,0x00000000eab00000,0x00000000eaf80000)
  from space 512K, 43% used [0x00000000eb280000,0x00000000eb2b8000,0x00000000eb300000)
  to   space 512K, 0% used [0x00000000eb300000,0x00000000eb300000,0x00000000eb380000)
 ParOldGen       total 132608K, used 128256K [0x00000000c0000000, 0x00000000c8180000, 0x00000000eab00000)
  object space 132608K, 96% used [0x00000000c0000000,0x00000000c7d400b0,0x00000000c8180000)
 Metaspace       used 96190K, committed 97472K, reserved 1179648K
  class space    used 9970K, committed 10560K, reserved 1048576K
}
Event: 4698.152 GC heap before
{Heap before GC invocations=1397 (full 20):
 PSYoungGen      total 5120K, used 4832K [0x00000000eab00000, 0x00000000eb380000, 0x0000000100000000)
  eden space 4608K, 100% used [0x00000000eab00000,0x00000000eaf80000,0x00000000eaf80000)
  from space 512K, 43% used [0x00000000eb280000,0x00000000eb2b8000,0x00000000eb300000)
  to   space 512K, 0% used [0x00000000eb300000,0x00000000eb300000,0x00000000eb380000)
 ParOldGen       total 132608K, used 128256K [0x00000000c0000000, 0x00000000c8180000, 0x00000000eab00000)
  object space 132608K, 96% used [0x00000000c0000000,0x00000000c7d400b0,0x00000000c8180000)
 Metaspace       used 96212K, committed 97536K, reserved 1179648K
  class space    used 9970K, committed 10560K, reserved 1048576K
}
Event: 4698.154 GC heap after
{Heap after GC invocations=1397 (full 20):
 PSYoungGen      total 5120K, used 160K [0x00000000eab00000, 0x00000000eb380000, 0x0000000100000000)
  eden space 4608K, 0% used [0x00000000eab00000,0x00000000eab00000,0x00000000eaf80000)
  from space 512K, 31% used [0x00000000eb300000,0x00000000eb328000,0x00000000eb380000)
  to   space 512K, 0% used [0x00000000eb280000,0x00000000eb280000,0x00000000eb300000)
 ParOldGen       total 132608K, used 128432K [0x00000000c0000000, 0x00000000c8180000, 0x00000000eab00000)
  object space 132608K, 96% used [0x00000000c0000000,0x00000000c7d6c0b0,0x00000000c8180000)
 Metaspace       used 96212K, committed 97536K, reserved 1179648K
  class space    used 9970K, committed 10560K, reserved 1048576K
}
Event: 4698.256 GC heap before
{Heap before GC invocations=1398 (full 20):
 PSYoungGen      total 5120K, used 4768K [0x00000000eab00000, 0x00000000eb380000, 0x0000000100000000)
  eden space 4608K, 100% used [0x00000000eab00000,0x00000000eaf80000,0x00000000eaf80000)
  from space 512K, 31% used [0x00000000eb300000,0x00000000eb328000,0x00000000eb380000)
  to   space 512K, 0% used [0x00000000eb280000,0x00000000eb280000,0x00000000eb300000)
 ParOldGen       total 132608K, used 128432K [0x00000000c0000000, 0x00000000c8180000, 0x00000000eab00000)
  object space 132608K, 96% used [0x00000000c0000000,0x00000000c7d6c0b0,0x00000000c8180000)
 Metaspace       used 96250K, committed 97536K, reserved 1179648K
  class space    used 9970K, committed 10560K, reserved 1048576K
}
Event: 4698.261 GC heap after
{Heap after GC invocations=1398 (full 20):
 PSYoungGen      total 5120K, used 489K [0x00000000eab00000, 0x00000000eb380000, 0x0000000100000000)
  eden space 4608K, 0% used [0x00000000eab00000,0x00000000eab00000,0x00000000eaf80000)
  from space 512K, 95% used [0x00000000eb280000,0x00000000eb2fa4f0,0x00000000eb300000)
  to   space 512K, 0% used [0x00000000eb300000,0x00000000eb300000,0x00000000eb380000)
 ParOldGen       total 132608K, used 128608K [0x00000000c0000000, 0x00000000c8180000, 0x00000000eab00000)
  object space 132608K, 96% used [0x00000000c0000000,0x00000000c7d980b0,0x00000000c8180000)
 Metaspace       used 96250K, committed 97536K, reserved 1179648K
  class space    used 9970K, committed 10560K, reserved 1048576K
}
Event: 8172.985 GC heap before
{Heap before GC invocations=1399 (full 20):
 PSYoungGen      total 5120K, used 5097K [0x00000000eab00000, 0x00000000eb380000, 0x0000000100000000)
  eden space 4608K, 100% used [0x00000000eab00000,0x00000000eaf80000,0x00000000eaf80000)
  from space 512K, 95% used [0x00000000eb280000,0x00000000eb2fa4f0,0x00000000eb300000)
  to   space 512K, 0% used [0x00000000eb300000,0x00000000eb300000,0x00000000eb380000)
 ParOldGen       total 132608K, used 128608K [0x00000000c0000000, 0x00000000c8180000, 0x00000000eab00000)
  object space 132608K, 96% used [0x00000000c0000000,0x00000000c7d980b0,0x00000000c8180000)
 Metaspace       used 96306K, committed 97536K, reserved 1179648K
  class space    used 9973K, committed 10560K, reserved 1048576K
}
Event: 8172.988 GC heap after
{Heap after GC invocations=1399 (full 20):
 PSYoungGen      total 5120K, used 224K [0x00000000eab00000, 0x00000000eb380000, 0x0000000100000000)
  eden space 4608K, 0% used [0x00000000eab00000,0x00000000eab00000,0x00000000eaf80000)
  from space 512K, 43% used [0x00000000eb300000,0x00000000eb338000,0x00000000eb380000)
  to   space 512K, 0% used [0x00000000eb280000,0x00000000eb280000,0x00000000eb300000)
 ParOldGen       total 132608K, used 129026K [0x00000000c0000000, 0x00000000c8180000, 0x00000000eab00000)
  object space 132608K, 97% used [0x00000000c0000000,0x00000000c7e00a58,0x00000000c8180000)
 Metaspace       used 96306K, committed 97536K, reserved 1179648K
  class space    used 9973K, committed 10560K, reserved 1048576K
}
Event: 10513.327 GC heap before
{Heap before GC invocations=1400 (full 20):
 PSYoungGen      total 5120K, used 4832K [0x00000000eab00000, 0x00000000eb380000, 0x0000000100000000)
  eden space 4608K, 100% used [0x00000000eab00000,0x00000000eaf80000,0x00000000eaf80000)
  from space 512K, 43% used [0x00000000eb300000,0x00000000eb338000,0x00000000eb380000)
  to   space 512K, 0% used [0x00000000eb280000,0x00000000eb280000,0x00000000eb300000)
 ParOldGen       total 132608K, used 129026K [0x00000000c0000000, 0x00000000c8180000, 0x00000000eab00000)
  object space 132608K, 97% used [0x00000000c0000000,0x00000000c7e00a58,0x00000000c8180000)
 Metaspace       used 96306K, committed 97536K, reserved 1179648K
  class space    used 9973K, committed 10560K, reserved 1048576K
}
Event: 10517.486 GC heap after
{Heap after GC invocations=1400 (full 20):
 PSYoungGen      total 5120K, used 400K [0x00000000eab00000, 0x00000000eb380000, 0x0000000100000000)
  eden space 4608K, 0% used [0x00000000eab00000,0x00000000eab00000,0x00000000eaf80000)
  from space 512K, 78% used [0x00000000eb280000,0x00000000eb2e4010,0x00000000eb300000)
  to   space 512K, 0% used [0x00000000eb300000,0x00000000eb300000,0x00000000eb380000)
 ParOldGen       total 132608K, used 129106K [0x00000000c0000000, 0x00000000c8180000, 0x00000000eab00000)
  object space 132608K, 97% used [0x00000000c0000000,0x00000000c7e14a58,0x00000000c8180000)
 Metaspace       used 96306K, committed 97536K, reserved 1179648K
  class space    used 9973K, committed 10560K, reserved 1048576K
}
Event: 12157.687 GC heap before
{Heap before GC invocations=1401 (full 20):
 PSYoungGen      total 5120K, used 5008K [0x00000000eab00000, 0x00000000eb380000, 0x0000000100000000)
  eden space 4608K, 99% used [0x00000000eab00000,0x00000000eaf7fff8,0x00000000eaf80000)
  from space 512K, 78% used [0x00000000eb280000,0x00000000eb2e4010,0x00000000eb300000)
  to   space 512K, 0% used [0x00000000eb300000,0x00000000eb300000,0x00000000eb380000)
 ParOldGen       total 132608K, used 129106K [0x00000000c0000000, 0x00000000c8180000, 0x00000000eab00000)
  object space 132608K, 97% used [0x00000000c0000000,0x00000000c7e14a58,0x00000000c8180000)
 Metaspace       used 96324K, committed 97600K, reserved 1179648K
  class space    used 9973K, committed 10560K, reserved 1048576K
}
Event: 12159.144 GC heap after
{Heap after GC invocations=1401 (full 20):
 PSYoungGen      total 5120K, used 160K [0x00000000eab00000, 0x00000000eb380000, 0x0000000100000000)
  eden space 4608K, 0% used [0x00000000eab00000,0x00000000eab00000,0x00000000eaf80000)
  from space 512K, 31% used [0x00000000eb300000,0x00000000eb328000,0x00000000eb380000)
  to   space 512K, 0% used [0x00000000eb280000,0x00000000eb280000,0x00000000eb300000)
 ParOldGen       total 132608K, used 129445K [0x00000000c0000000, 0x00000000c8180000, 0x00000000eab00000)
  object space 132608K, 97% used [0x00000000c0000000,0x00000000c7e694c8,0x00000000c8180000)
 Metaspace       used 96324K, committed 97600K, reserved 1179648K
  class space    used 9973K, committed 10560K, reserved 1048576K
}
Event: 12436.613 GC heap before
{Heap before GC invocations=1402 (full 20):
 PSYoungGen      total 5120K, used 4768K [0x00000000eab00000, 0x00000000eb380000, 0x0000000100000000)
  eden space 4608K, 100% used [0x00000000eab00000,0x00000000eaf80000,0x00000000eaf80000)
  from space 512K, 31% used [0x00000000eb300000,0x00000000eb328000,0x00000000eb380000)
  to   space 512K, 0% used [0x00000000eb280000,0x00000000eb280000,0x00000000eb300000)
 ParOldGen       total 132608K, used 129445K [0x00000000c0000000, 0x00000000c8180000, 0x00000000eab00000)
  object space 132608K, 97% used [0x00000000c0000000,0x00000000c7e694c8,0x00000000c8180000)
 Metaspace       used 96570K, committed 97792K, reserved 1179648K
  class space    used 10010K, committed 10560K, reserved 1048576K
}
Event: 12436.948 GC heap after
{Heap after GC invocations=1402 (full 20):
 PSYoungGen      total 5120K, used 492K [0x00000000eab00000, 0x00000000eb380000, 0x0000000100000000)
  eden space 4608K, 0% used [0x00000000eab00000,0x00000000eab00000,0x00000000eaf80000)
  from space 512K, 96% used [0x00000000eb280000,0x00000000eb2fb2a8,0x00000000eb300000)
  to   space 512K, 0% used [0x00000000eb300000,0x00000000eb300000,0x00000000eb380000)
 ParOldGen       total 132608K, used 129717K [0x00000000c0000000, 0x00000000c8180000, 0x00000000eab00000)
  object space 132608K, 97% used [0x00000000c0000000,0x00000000c7ead4c8,0x00000000c8180000)
 Metaspace       used 96570K, committed 97792K, reserved 1179648K
  class space    used 10010K, committed 10560K, reserved 1048576K
}
Event: 12437.720 GC heap before
{Heap before GC invocations=1403 (full 20):
 PSYoungGen      total 5120K, used 5100K [0x00000000eab00000, 0x00000000eb380000, 0x0000000100000000)
  eden space 4608K, 100% used [0x00000000eab00000,0x00000000eaf80000,0x00000000eaf80000)
  from space 512K, 96% used [0x00000000eb280000,0x00000000eb2fb2a8,0x00000000eb300000)
  to   space 512K, 0% used [0x00000000eb300000,0x00000000eb300000,0x00000000eb380000)
 ParOldGen       total 132608K, used 129717K [0x00000000c0000000, 0x00000000c8180000, 0x00000000eab00000)
  object space 132608K, 97% used [0x00000000c0000000,0x00000000c7ead4c8,0x00000000c8180000)
 Metaspace       used 96582K, committed 97792K, reserved 1179648K
  class space    used 10015K, committed 10560K, reserved 1048576K
}
Event: 12438.956 GC heap after
{Heap after GC invocations=1403 (full 20):
 PSYoungGen      total 3072K, used 487K [0x00000000eab00000, 0x00000000eba80000, 0x0000000100000000)
  eden space 2560K, 0% used [0x00000000eab00000,0x00000000eab00000,0x00000000ead80000)
  from space 512K, 95% used [0x00000000eb300000,0x00000000eb379f48,0x00000000eb380000)
  to   space 5632K, 0% used [0x00000000ead80000,0x00000000ead80000,0x00000000eb300000)
 ParOldGen       total 134144K, used 134009K [0x00000000c0000000, 0x00000000c8300000, 0x00000000eab00000)
  object space 134144K, 99% used [0x00000000c0000000,0x00000000c82de6b8,0x00000000c8300000)
 Metaspace       used 96582K, committed 97792K, reserved 1179648K
  class space    used 10015K, committed 10560K, reserved 1048576K
}
Event: 12438.956 GC heap before
{Heap before GC invocations=1404 (full 21):
 PSYoungGen      total 3072K, used 487K [0x00000000eab00000, 0x00000000eba80000, 0x0000000100000000)
  eden space 2560K, 0% used [0x00000000eab00000,0x00000000eab00000,0x00000000ead80000)
  from space 512K, 95% used [0x00000000eb300000,0x00000000eb379f48,0x00000000eb380000)
  to   space 5632K, 0% used [0x00000000ead80000,0x00000000ead80000,0x00000000eb300000)
 ParOldGen       total 134144K, used 134009K [0x00000000c0000000, 0x00000000c8300000, 0x00000000eab00000)
  object space 134144K, 99% used [0x00000000c0000000,0x00000000c82de6b8,0x00000000c8300000)
 Metaspace       used 96582K, committed 97792K, reserved 1179648K
  class space    used 10015K, committed 10560K, reserved 1048576K
}

